Arguments: 
  C:\Program Files\nodejs\node.exe C:\Program Files (x86)\Yarn\bin\yarn.js add gh-pages

PATH: 
  C:\Program Files\Git\mingw64\bin;C:\Program Files\Git\usr\bin;C:\Users\gokuld\bin;C:\Program Files (x86)\Python38-32\Scripts;C:\Program Files (x86)\Python38-32;C:\Program Files (x86)\Microsoft SDKs\Azure\CLI2\wbin;C:\Program Files\ImageMagick-7.0.8-Q16;C:\Program Files\Docker\Docker\Resources\bin;C:\oracle\thirdparty\oracle\hwedbhome\bin;C:\Program Files (x86)\Intel\iCLS Client;C:\Program Files\Intel\iCLS Client;C:\Windows\system32;C:\Windows;C:\Windows\System32\Wbem;C:\Windows\System32\WindowsPowerShell\v1.0;C:\Program Files (x86)\Intel\Intel(R) Management Engine Components\DAL;C:\Program Files\Intel\Intel(R) Management Engine Components\DAL;C:\Program Files (x86)\Intel\Intel(R) Management Engine Components\IPT;C:\Program Files\Intel\Intel(R) Management Engine Components\IPT;C:\Program Files (x86)\NVIDIA Corporation\PhysX\Common;C:\Program Files\Intel\WiFi\bin;C:\Program Files\Common Files\Intel\WirelessCommon;D:\Softwares\apache-ant-1.8.2\bin;C:\oracle\thirdparty\java\bin;C:\Program Files\erl9.3\bin;C:\Program Files\nodejs;C:\Program Files (x86)\Microsoft SQL Server\100\Tools\Binn;C:\Program Files\Microsoft SQL Server\100\Tools\Binn;C:\Program Files\Microsoft SQL Server\100\DTS\Binn;D:\workspace\gokuld_SCS_14_4\deploy\portal\thirdparty\oracle\hwedbclient\bin;D:\Softwares\cygwin\bin;C:\Program Files (x86)\Skype\Phone;C:\Program Files\apache-maven-3.5.2\bin;C:\WINDOWS\system32;C:\WINDOWS;C:\WINDOWS\System32\Wbem;C:\WINDOWS\System32\WindowsPowerShell\v1.0;C:\WINDOWS\System32\OpenSSH;C:\gradle\gradle-4.10.2\bin;C:\Program Files\Perforce;C:\Program Files\nodejs;C:\Program Files\Git\cmd;C:\Program Files (x86)\Yarn\bin;C:\Program Files\PuTTY;C:\Users\gokuld\AppData\Local\Microsoft\WindowsApps;C:\Users\gokuld\AppData\Roaming\npm;C:\Users\gokuld\AppData\Local\Programs\Microsoft VS Code\bin;C:\Users\gokuld\AppData\Local\Programs\CrashPlan\jre\bin\server;C:\Users\gokuld\AppData\Local\Programs\CrashPlan\jre\bin;C:\Users\gokuld\AppData\Local\Yarn\bin;C:\Program Files\heroku\bin

Yarn version: 
  1.22.4

Node version: 
  10.15.2

Platform: 
  win32 x64

Trace: 
  Error: EPERM: operation not permitted, unlink 'D:\Personal\courses\Udemy\advanced-css-course-master\Natours\natours\node_modules\file-uri-to-path\test'

npm manifest: 
  {
    "name": "natours",
    "version": "1.0.0",
    "description": "Websites to book exciting tours!",
    "homepage": "https://gokuldhanvanthri.github.io/natours",
    "main": "index.js",
    "scripts": {
      "compile:sass": "node-sass sass/main.scss css/style.css -w",
      "start:server": "live-server",
      "start": "run-p compile:sass start:server"
    },
    "author": "gokuld",
    "license": "ISC",
    "devDependencies": {
      "live-server": "^1.2.1",
      "node-sass": "^5.0.0",
      "npm-run-all": "^4.1.5"
    }
  }

yarn manifest: 
  No manifest

Lockfile: 
  No lockfile
